# Logfile created on 2014-01-03 14:43:22 -0500 by logger.rb/36483
I, [2014-01-03T14:43:22.881561 #12512]  INFO -- : 0:  bond (0.4.3) from /Users/katedonahue/.rvm/gems/ruby-2.0.0-p247/specifications/bond-0.4.3.gemspec
I, [2014-01-03T14:43:22.881945 #12512]  INFO -- : 0:  tilt (1.4.1) from /Users/katedonahue/.rvm/gems/ruby-2.0.0-p247/specifications/tilt-1.4.1.gemspec
I, [2014-01-03T14:43:22.882239 #12512]  INFO -- : 0:  haml (4.0.4) from /Users/katedonahue/.rvm/gems/ruby-2.0.0-p247/specifications/haml-4.0.4.gemspec
I, [2014-01-03T14:43:22.882532 #12512]  INFO -- : 0:  rack (1.5.2) from /Users/katedonahue/.rvm/gems/ruby-2.0.0-p247/specifications/rack-1.5.2.gemspec
I, [2014-01-03T14:43:22.882820 #12512]  INFO -- : 0:  rack-protection (1.5.1) from /Users/katedonahue/.rvm/gems/ruby-2.0.0-p247/specifications/rack-protection-1.5.1.gemspec
I, [2014-01-03T14:43:22.883102 #12512]  INFO -- : 0:  rack-test (0.6.2) from /Users/katedonahue/.rvm/gems/ruby-2.0.0-p247/specifications/rack-test-0.6.2.gemspec
I, [2014-01-03T14:43:22.883380 #12512]  INFO -- : 0:  ripl (0.7.0) from /Users/katedonahue/.rvm/gems/ruby-2.0.0-p247/specifications/ripl-0.7.0.gemspec
I, [2014-01-03T14:43:22.883642 #12512]  INFO -- : 0:  ripl-multi_line (0.3.1) from /Users/katedonahue/.rvm/gems/ruby-2.0.0-p247/specifications/ripl-multi_line-0.3.1.gemspec
I, [2014-01-03T14:43:22.883918 #12512]  INFO -- : 0:  ripl-rack (0.2.0) from /Users/katedonahue/.rvm/gems/ruby-2.0.0-p247/specifications/ripl-rack-0.2.0.gemspec
I, [2014-01-03T14:43:22.884193 #12512]  INFO -- : 0:  shotgun (0.9) from /Users/katedonahue/.rvm/gems/ruby-2.0.0-p247/specifications/shotgun-0.9.gemspec
I, [2014-01-03T14:43:22.884476 #12512]  INFO -- : 0:  sinatra (1.4.4) from /Users/katedonahue/.rvm/gems/ruby-2.0.0-p247/specifications/sinatra-1.4.4.gemspec
I, [2014-01-03T14:43:22.884753 #12512]  INFO -- : 0:  tux (0.3.0) from /Users/katedonahue/.rvm/gems/ruby-2.0.0-p247/specifications/tux-0.3.0.gemspec
I, [2014-01-03T14:43:22.885026 #12512]  INFO -- : 0:  bundler (1.5.0) from /Users/katedonahue/.rvm/gems/ruby-2.0.0-p247/specifications/bundler-1.5.0.gemspec
I, [2014-01-06T12:05:09.141860 #13961]  INFO -- : 0:  bond (0.4.3) from /Users/katedonahue/.rvm/gems/ruby-2.0.0-p247/specifications/bond-0.4.3.gemspec
I, [2014-01-06T12:05:11.311995 #13961]  INFO -- : 0:  chunky_png (1.2.9) from /Users/katedonahue/.rvm/gems/ruby-2.0.0-p247/specifications/chunky_png-1.2.9.gemspec
I, [2014-01-06T12:05:11.967557 #13961]  INFO -- : 0:  fssm (0.2.10) from /Users/katedonahue/.rvm/gems/ruby-2.0.0-p247/specifications/fssm-0.2.10.gemspec
I, [2014-01-06T12:05:11.968116 #13961]  INFO -- : 0:  sass (3.2.13) from /Users/katedonahue/.rvm/gems/ruby-2.0.0-p247/specifications/sass-3.2.13.gemspec
I, [2014-01-06T12:05:13.525668 #13961]  INFO -- : 0:  compass (0.12.2) from /Users/katedonahue/.rvm/gems/ruby-2.0.0-p247/specifications/compass-0.12.2.gemspec
I, [2014-01-06T12:05:13.526168 #13961]  INFO -- : 0:  tilt (1.4.1) from /Users/katedonahue/.rvm/gems/ruby-2.0.0-p247/specifications/tilt-1.4.1.gemspec
I, [2014-01-06T12:05:13.526487 #13961]  INFO -- : 0:  haml (4.0.4) from /Users/katedonahue/.rvm/gems/ruby-2.0.0-p247/specifications/haml-4.0.4.gemspec
I, [2014-01-06T12:05:13.526782 #13961]  INFO -- : 0:  rack (1.5.2) from /Users/katedonahue/.rvm/gems/ruby-2.0.0-p247/specifications/rack-1.5.2.gemspec
I, [2014-01-06T12:05:13.527073 #13961]  INFO -- : 0:  rack-protection (1.5.1) from /Users/katedonahue/.rvm/gems/ruby-2.0.0-p247/specifications/rack-protection-1.5.1.gemspec
I, [2014-01-06T12:05:13.527353 #13961]  INFO -- : 0:  rack-test (0.6.2) from /Users/katedonahue/.rvm/gems/ruby-2.0.0-p247/specifications/rack-test-0.6.2.gemspec
I, [2014-01-06T12:05:13.527631 #13961]  INFO -- : 0:  ripl (0.7.0) from /Users/katedonahue/.rvm/gems/ruby-2.0.0-p247/specifications/ripl-0.7.0.gemspec
I, [2014-01-06T12:05:13.527906 #13961]  INFO -- : 0:  ripl-multi_line (0.3.1) from /Users/katedonahue/.rvm/gems/ruby-2.0.0-p247/specifications/ripl-multi_line-0.3.1.gemspec
I, [2014-01-06T12:05:13.528178 #13961]  INFO -- : 0:  ripl-rack (0.2.0) from /Users/katedonahue/.rvm/gems/ruby-2.0.0-p247/specifications/ripl-rack-0.2.0.gemspec
I, [2014-01-06T12:05:13.528475 #13961]  INFO -- : 0:  shotgun (0.9) from /Users/katedonahue/.rvm/gems/ruby-2.0.0-p247/specifications/shotgun-0.9.gemspec
I, [2014-01-06T12:05:13.528759 #13961]  INFO -- : 0:  sinatra (1.4.4) from /Users/katedonahue/.rvm/gems/ruby-2.0.0-p247/specifications/sinatra-1.4.4.gemspec
I, [2014-01-06T12:05:13.529030 #13961]  INFO -- : 0:  tux (0.3.0) from /Users/katedonahue/.rvm/gems/ruby-2.0.0-p247/specifications/tux-0.3.0.gemspec
I, [2014-01-06T12:05:13.529288 #13961]  INFO -- : 0:  bundler (1.5.0) from /Users/katedonahue/.rvm/gems/ruby-2.0.0-p247/specifications/bundler-1.5.0.gemspec
I, [2014-01-26T14:30:38.747800 #61877]  INFO -- : 0:  bond (0.4.3) from /Users/katedonahue/.rvm/gems/ruby-2.0.0-p247/specifications/bond-0.4.3.gemspec
I, [2014-01-26T14:30:38.748692 #61877]  INFO -- : 0:  chunky_png (1.2.9) from /Users/katedonahue/.rvm/gems/ruby-2.0.0-p247/specifications/chunky_png-1.2.9.gemspec
I, [2014-01-26T14:30:38.748979 #61877]  INFO -- : 0:  columnize (0.3.6) from /Users/katedonahue/.rvm/gems/ruby-2.0.0-p247/specifications/columnize-0.3.6.gemspec
I, [2014-01-26T14:30:38.749276 #61877]  INFO -- : 0:  fssm (0.2.10) from /Users/katedonahue/.rvm/gems/ruby-2.0.0-p247/specifications/fssm-0.2.10.gemspec
I, [2014-01-26T14:30:38.749588 #61877]  INFO -- : 0:  sass (3.2.13) from /Users/katedonahue/.rvm/gems/ruby-2.0.0-p247/specifications/sass-3.2.13.gemspec
I, [2014-01-26T14:30:38.749913 #61877]  INFO -- : 0:  compass (0.12.2) from /Users/katedonahue/.rvm/gems/ruby-2.0.0-p247/specifications/compass-0.12.2.gemspec
I, [2014-01-26T14:30:38.750175 #61877]  INFO -- : 0:  debugger-linecache (1.2.0) from /Users/katedonahue/.rvm/gems/ruby-2.0.0-p247/specifications/debugger-linecache-1.2.0.gemspec
I, [2014-01-26T14:30:38.750446 #61877]  INFO -- : 0:  debugger-ruby_core_source (1.3.1) from /Users/katedonahue/.rvm/gems/ruby-2.0.0-p247/specifications/debugger-ruby_core_source-1.3.1.gemspec
I, [2014-01-26T14:30:38.750706 #61877]  INFO -- : 0:  debugger (1.6.5) from /Users/katedonahue/.rvm/gems/ruby-2.0.0-p247/specifications/debugger-1.6.5.gemspec
I, [2014-01-26T14:30:38.750976 #61877]  INFO -- : 0:  tilt (1.4.1) from /Users/katedonahue/.rvm/gems/ruby-2.0.0-p247/specifications/tilt-1.4.1.gemspec
I, [2014-01-26T14:30:38.751238 #61877]  INFO -- : 0:  haml (4.0.4) from /Users/katedonahue/.rvm/gems/ruby-2.0.0-p247/specifications/haml-4.0.4.gemspec
I, [2014-01-26T14:30:38.751506 #61877]  INFO -- : 0:  rack (1.5.2) from /Users/katedonahue/.rvm/gems/ruby-2.0.0-p247/specifications/rack-1.5.2.gemspec
I, [2014-01-26T14:30:38.751758 #61877]  INFO -- : 0:  rack-protection (1.5.1) from /Users/katedonahue/.rvm/gems/ruby-2.0.0-p247/specifications/rack-protection-1.5.1.gemspec
I, [2014-01-26T14:30:38.752017 #61877]  INFO -- : 0:  rack-test (0.6.2) from /Users/katedonahue/.rvm/gems/ruby-2.0.0-p247/specifications/rack-test-0.6.2.gemspec
I, [2014-01-26T14:30:38.752288 #61877]  INFO -- : 0:  ripl (0.7.0) from /Users/katedonahue/.rvm/gems/ruby-2.0.0-p247/specifications/ripl-0.7.0.gemspec
I, [2014-01-26T14:30:38.752576 #61877]  INFO -- : 0:  ripl-multi_line (0.3.1) from /Users/katedonahue/.rvm/gems/ruby-2.0.0-p247/specifications/ripl-multi_line-0.3.1.gemspec
I, [2014-01-26T14:30:38.752835 #61877]  INFO -- : 0:  ripl-rack (0.2.0) from /Users/katedonahue/.rvm/gems/ruby-2.0.0-p247/specifications/ripl-rack-0.2.0.gemspec
I, [2014-01-26T14:30:38.753085 #61877]  INFO -- : 0:  shotgun (0.9) from /Users/katedonahue/.rvm/gems/ruby-2.0.0-p247/specifications/shotgun-0.9.gemspec
I, [2014-01-26T14:30:38.753361 #61877]  INFO -- : 0:  sinatra (1.4.4) from /Users/katedonahue/.rvm/gems/ruby-2.0.0-p247/specifications/sinatra-1.4.4.gemspec
I, [2014-01-26T14:30:38.753622 #61877]  INFO -- : 0:  tux (0.3.0) from /Users/katedonahue/.rvm/gems/ruby-2.0.0-p247/specifications/tux-0.3.0.gemspec
I, [2014-01-26T14:30:38.753899 #61877]  INFO -- : 0:  bundler (1.5.0) from /Users/katedonahue/.rvm/gems/ruby-2.0.0-p247/specifications/bundler-1.5.0.gemspec
I, [2014-01-26T16:00:48.642475 #62141]  INFO -- : 0:  bond (0.4.3) from /Users/katedonahue/.rvm/gems/ruby-2.0.0-p247/specifications/bond-0.4.3.gemspec
I, [2014-01-26T16:00:48.643548 #62141]  INFO -- : 0:  chunky_png (1.2.9) from /Users/katedonahue/.rvm/gems/ruby-2.0.0-p247/specifications/chunky_png-1.2.9.gemspec
I, [2014-01-26T16:00:48.644028 #62141]  INFO -- : 0:  fssm (0.2.10) from /Users/katedonahue/.rvm/gems/ruby-2.0.0-p247/specifications/fssm-0.2.10.gemspec
I, [2014-01-26T16:00:48.644444 #62141]  INFO -- : 0:  sass (3.2.13) from /Users/katedonahue/.rvm/gems/ruby-2.0.0-p247/specifications/sass-3.2.13.gemspec
I, [2014-01-26T16:00:48.644804 #62141]  INFO -- : 0:  compass (0.12.2) from /Users/katedonahue/.rvm/gems/ruby-2.0.0-p247/specifications/compass-0.12.2.gemspec
I, [2014-01-26T16:00:48.645144 #62141]  INFO -- : 0:  tilt (1.4.1) from /Users/katedonahue/.rvm/gems/ruby-2.0.0-p247/specifications/tilt-1.4.1.gemspec
I, [2014-01-26T16:00:48.645478 #62141]  INFO -- : 0:  haml (4.0.4) from /Users/katedonahue/.rvm/gems/ruby-2.0.0-p247/specifications/haml-4.0.4.gemspec
I, [2014-01-26T16:00:48.645800 #62141]  INFO -- : 0:  rack (1.5.2) from /Users/katedonahue/.rvm/gems/ruby-2.0.0-p247/specifications/rack-1.5.2.gemspec
I, [2014-01-26T16:00:48.646120 #62141]  INFO -- : 0:  rack-protection (1.5.1) from /Users/katedonahue/.rvm/gems/ruby-2.0.0-p247/specifications/rack-protection-1.5.1.gemspec
I, [2014-01-26T16:00:48.646436 #62141]  INFO -- : 0:  rack-test (0.6.2) from /Users/katedonahue/.rvm/gems/ruby-2.0.0-p247/specifications/rack-test-0.6.2.gemspec
I, [2014-01-26T16:00:48.646744 #62141]  INFO -- : 0:  ripl (0.7.0) from /Users/katedonahue/.rvm/gems/ruby-2.0.0-p247/specifications/ripl-0.7.0.gemspec
I, [2014-01-26T16:00:48.647055 #62141]  INFO -- : 0:  ripl-multi_line (0.3.1) from /Users/katedonahue/.rvm/gems/ruby-2.0.0-p247/specifications/ripl-multi_line-0.3.1.gemspec
I, [2014-01-26T16:00:48.647371 #62141]  INFO -- : 0:  ripl-rack (0.2.0) from /Users/katedonahue/.rvm/gems/ruby-2.0.0-p247/specifications/ripl-rack-0.2.0.gemspec
I, [2014-01-26T16:00:48.647687 #62141]  INFO -- : 0:  shotgun (0.9) from /Users/katedonahue/.rvm/gems/ruby-2.0.0-p247/specifications/shotgun-0.9.gemspec
I, [2014-01-26T16:00:48.647997 #62141]  INFO -- : 0:  sinatra (1.4.4) from /Users/katedonahue/.rvm/gems/ruby-2.0.0-p247/specifications/sinatra-1.4.4.gemspec
I, [2014-01-26T16:00:48.648314 #62141]  INFO -- : 0:  tux (0.3.0) from /Users/katedonahue/.rvm/gems/ruby-2.0.0-p247/specifications/tux-0.3.0.gemspec
I, [2014-01-26T16:00:48.648625 #62141]  INFO -- : 0:  bundler (1.5.0) from /Users/katedonahue/.rvm/gems/ruby-2.0.0-p247/specifications/bundler-1.5.0.gemspec
I, [2014-01-26T16:01:00.622922 #62142]  INFO -- : 0:  bond (0.4.3) from /Users/katedonahue/.rvm/gems/ruby-2.0.0-p247/specifications/bond-0.4.3.gemspec
I, [2014-01-26T16:01:00.623284 #62142]  INFO -- : 0:  chunky_png (1.2.9) from /Users/katedonahue/.rvm/gems/ruby-2.0.0-p247/specifications/chunky_png-1.2.9.gemspec
I, [2014-01-26T16:01:00.623546 #62142]  INFO -- : 0:  fssm (0.2.10) from /Users/katedonahue/.rvm/gems/ruby-2.0.0-p247/specifications/fssm-0.2.10.gemspec
I, [2014-01-26T16:01:01.843615 #62142]  INFO -- : 0:  sass (3.2.14) from /Users/katedonahue/.rvm/gems/ruby-2.0.0-p247/specifications/sass-3.2.14.gemspec
I, [2014-01-26T16:01:01.844071 #62142]  INFO -- : 0:  compass (0.12.2) from /Users/katedonahue/.rvm/gems/ruby-2.0.0-p247/specifications/compass-0.12.2.gemspec
I, [2014-01-26T16:01:01.844360 #62142]  INFO -- : 0:  tilt (1.4.1) from /Users/katedonahue/.rvm/gems/ruby-2.0.0-p247/specifications/tilt-1.4.1.gemspec
I, [2014-01-26T16:01:01.844636 #62142]  INFO -- : 0:  haml (4.0.5) from /Users/katedonahue/.rvm/gems/ruby-2.0.0-p247/specifications/haml-4.0.5.gemspec
I, [2014-01-26T16:01:01.844910 #62142]  INFO -- : 0:  rack (1.5.2) from /Users/katedonahue/.rvm/gems/ruby-2.0.0-p247/specifications/rack-1.5.2.gemspec
I, [2014-01-26T16:01:01.845187 #62142]  INFO -- : 0:  rack-protection (1.5.2) from /Users/katedonahue/.rvm/gems/ruby-2.0.0-p247/specifications/rack-protection-1.5.2.gemspec
I, [2014-01-26T16:01:01.845457 #62142]  INFO -- : 0:  rack-test (0.6.2) from /Users/katedonahue/.rvm/gems/ruby-2.0.0-p247/specifications/rack-test-0.6.2.gemspec
I, [2014-01-26T16:01:01.845744 #62142]  INFO -- : 0:  ripl (0.7.0) from /Users/katedonahue/.rvm/gems/ruby-2.0.0-p247/specifications/ripl-0.7.0.gemspec
I, [2014-01-26T16:01:01.846010 #62142]  INFO -- : 0:  ripl-multi_line (0.3.1) from /Users/katedonahue/.rvm/gems/ruby-2.0.0-p247/specifications/ripl-multi_line-0.3.1.gemspec
I, [2014-01-26T16:01:01.846274 #62142]  INFO -- : 0:  ripl-rack (0.2.0) from /Users/katedonahue/.rvm/gems/ruby-2.0.0-p247/specifications/ripl-rack-0.2.0.gemspec
I, [2014-01-26T16:01:01.846535 #62142]  INFO -- : 0:  shotgun (0.9) from /Users/katedonahue/.rvm/gems/ruby-2.0.0-p247/specifications/shotgun-0.9.gemspec
I, [2014-01-26T16:01:01.846805 #62142]  INFO -- : 0:  sinatra (1.4.4) from /Users/katedonahue/.rvm/gems/ruby-2.0.0-p247/specifications/sinatra-1.4.4.gemspec
I, [2014-01-26T16:01:01.847066 #62142]  INFO -- : 0:  tux (0.3.0) from /Users/katedonahue/.rvm/gems/ruby-2.0.0-p247/specifications/tux-0.3.0.gemspec
I, [2014-01-26T16:01:01.847318 #62142]  INFO -- : 0:  bundler (1.5.0) from /Users/katedonahue/.rvm/gems/ruby-2.0.0-p247/specifications/bundler-1.5.0.gemspec
I, [2014-01-26T16:01:05.346948 #62143]  INFO -- : 0:  bond (0.4.3) from /Users/katedonahue/.rvm/gems/ruby-2.0.0-p247/specifications/bond-0.4.3.gemspec
I, [2014-01-26T16:01:05.347311 #62143]  INFO -- : 0:  chunky_png (1.2.9) from /Users/katedonahue/.rvm/gems/ruby-2.0.0-p247/specifications/chunky_png-1.2.9.gemspec
I, [2014-01-26T16:01:05.347629 #62143]  INFO -- : 0:  fssm (0.2.10) from /Users/katedonahue/.rvm/gems/ruby-2.0.0-p247/specifications/fssm-0.2.10.gemspec
I, [2014-01-26T16:01:05.347949 #62143]  INFO -- : 0:  sass (3.2.14) from /Users/katedonahue/.rvm/gems/ruby-2.0.0-p247/specifications/sass-3.2.14.gemspec
I, [2014-01-26T16:01:05.348256 #62143]  INFO -- : 0:  compass (0.12.2) from /Users/katedonahue/.rvm/gems/ruby-2.0.0-p247/specifications/compass-0.12.2.gemspec
I, [2014-01-26T16:01:05.348562 #62143]  INFO -- : 0:  tilt (1.4.1) from /Users/katedonahue/.rvm/gems/ruby-2.0.0-p247/specifications/tilt-1.4.1.gemspec
I, [2014-01-26T16:01:05.348862 #62143]  INFO -- : 0:  haml (4.0.5) from /Users/katedonahue/.rvm/gems/ruby-2.0.0-p247/specifications/haml-4.0.5.gemspec
I, [2014-01-26T16:01:05.349161 #62143]  INFO -- : 0:  rack (1.5.2) from /Users/katedonahue/.rvm/gems/ruby-2.0.0-p247/specifications/rack-1.5.2.gemspec
I, [2014-01-26T16:01:05.349455 #62143]  INFO -- : 0:  rack-protection (1.5.2) from /Users/katedonahue/.rvm/gems/ruby-2.0.0-p247/specifications/rack-protection-1.5.2.gemspec
I, [2014-01-26T16:01:05.349755 #62143]  INFO -- : 0:  rack-test (0.6.2) from /Users/katedonahue/.rvm/gems/ruby-2.0.0-p247/specifications/rack-test-0.6.2.gemspec
I, [2014-01-26T16:01:05.350045 #62143]  INFO -- : 0:  ripl (0.7.0) from /Users/katedonahue/.rvm/gems/ruby-2.0.0-p247/specifications/ripl-0.7.0.gemspec
I, [2014-01-26T16:01:05.350332 #62143]  INFO -- : 0:  ripl-multi_line (0.3.1) from /Users/katedonahue/.rvm/gems/ruby-2.0.0-p247/specifications/ripl-multi_line-0.3.1.gemspec
I, [2014-01-26T16:01:05.350620 #62143]  INFO -- : 0:  ripl-rack (0.2.0) from /Users/katedonahue/.rvm/gems/ruby-2.0.0-p247/specifications/ripl-rack-0.2.0.gemspec
I, [2014-01-26T16:01:05.350906 #62143]  INFO -- : 0:  shotgun (0.9) from /Users/katedonahue/.rvm/gems/ruby-2.0.0-p247/specifications/shotgun-0.9.gemspec
I, [2014-01-26T16:01:05.351221 #62143]  INFO -- : 0:  sinatra (1.4.4) from /Users/katedonahue/.rvm/gems/ruby-2.0.0-p247/specifications/sinatra-1.4.4.gemspec
I, [2014-01-26T16:01:05.351510 #62143]  INFO -- : 0:  tux (0.3.0) from /Users/katedonahue/.rvm/gems/ruby-2.0.0-p247/specifications/tux-0.3.0.gemspec
I, [2014-01-26T16:01:05.351775 #62143]  INFO -- : 0:  bundler (1.5.0) from /Users/katedonahue/.rvm/gems/ruby-2.0.0-p247/specifications/bundler-1.5.0.gemspec
I, [2014-01-26T16:03:03.733294 #62161]  INFO -- : 0:  bond (0.4.3) from /Users/katedonahue/.rvm/gems/ruby-2.0.0-p247/specifications/bond-0.4.3.gemspec
I, [2014-01-26T16:03:03.733663 #62161]  INFO -- : 0:  chunky_png (1.2.9) from /Users/katedonahue/.rvm/gems/ruby-2.0.0-p247/specifications/chunky_png-1.2.9.gemspec
I, [2014-01-26T16:03:03.733950 #62161]  INFO -- : 0:  fssm (0.2.10) from /Users/katedonahue/.rvm/gems/ruby-2.0.0-p247/specifications/fssm-0.2.10.gemspec
I, [2014-01-26T16:03:03.734210 #62161]  INFO -- : 0:  sass (3.2.14) from /Users/katedonahue/.rvm/gems/ruby-2.0.0-p247/specifications/sass-3.2.14.gemspec
I, [2014-01-26T16:03:03.734459 #62161]  INFO -- : 0:  compass (0.12.2) from /Users/katedonahue/.rvm/gems/ruby-2.0.0-p247/specifications/compass-0.12.2.gemspec
I, [2014-01-26T16:03:03.734711 #62161]  INFO -- : 0:  tilt (1.4.1) from /Users/katedonahue/.rvm/gems/ruby-2.0.0-p247/specifications/tilt-1.4.1.gemspec
I, [2014-01-26T16:03:03.734977 #62161]  INFO -- : 0:  haml (4.0.5) from /Users/katedonahue/.rvm/gems/ruby-2.0.0-p247/specifications/haml-4.0.5.gemspec
I, [2014-01-26T16:03:03.735227 #62161]  INFO -- : 0:  rack (1.5.2) from /Users/katedonahue/.rvm/gems/ruby-2.0.0-p247/specifications/rack-1.5.2.gemspec
I, [2014-01-26T16:03:03.735470 #62161]  INFO -- : 0:  rack-protection (1.5.2) from /Users/katedonahue/.rvm/gems/ruby-2.0.0-p247/specifications/rack-protection-1.5.2.gemspec
I, [2014-01-26T16:03:03.735720 #62161]  INFO -- : 0:  rack-test (0.6.2) from /Users/katedonahue/.rvm/gems/ruby-2.0.0-p247/specifications/rack-test-0.6.2.gemspec
I, [2014-01-26T16:03:03.735967 #62161]  INFO -- : 0:  ripl (0.7.0) from /Users/katedonahue/.rvm/gems/ruby-2.0.0-p247/specifications/ripl-0.7.0.gemspec
I, [2014-01-26T16:03:03.736205 #62161]  INFO -- : 0:  ripl-multi_line (0.3.1) from /Users/katedonahue/.rvm/gems/ruby-2.0.0-p247/specifications/ripl-multi_line-0.3.1.gemspec
I, [2014-01-26T16:03:03.736444 #62161]  INFO -- : 0:  ripl-rack (0.2.0) from /Users/katedonahue/.rvm/gems/ruby-2.0.0-p247/specifications/ripl-rack-0.2.0.gemspec
I, [2014-01-26T16:03:03.736682 #62161]  INFO -- : 0:  shotgun (0.9) from /Users/katedonahue/.rvm/gems/ruby-2.0.0-p247/specifications/shotgun-0.9.gemspec
I, [2014-01-26T16:03:03.736926 #62161]  INFO -- : 0:  sinatra (1.4.4) from /Users/katedonahue/.rvm/gems/ruby-2.0.0-p247/specifications/sinatra-1.4.4.gemspec
I, [2014-01-26T16:03:03.737161 #62161]  INFO -- : 0:  tux (0.3.0) from /Users/katedonahue/.rvm/gems/ruby-2.0.0-p247/specifications/tux-0.3.0.gemspec
I, [2014-01-26T16:03:03.737386 #62161]  INFO -- : 0:  bundler (1.5.0) from /Users/katedonahue/.rvm/gems/ruby-2.0.0-p247/specifications/bundler-1.5.0.gemspec
